Using pre-set license

 COMMAND LINE ARGUMENTS:
/Applications/Unity/Hub/Editor/2020.3.5f1/Unity.app/Contents/MacOS/Unity
-adb2
-batchMode
-noUpm
-name
AssetImportWorker0
-projectPath
/Users/williambertrand/repos/game_dev/ld48
-logFile
Logs/AssetImportWorker0.log
-srvPort
60943
Successfully changed project path to: /Users/williambertrand/repos/game_dev/ld48
/Users/williambertrand/repos/game_dev/ld48
Using Asset Import Pipeline V2.
Refreshing native plugins compatible for Editor in 51.08 ms, found 2 plugins.
Preloading 0 native plugins for Editor in 0.00 ms.
Initialize engine version: 2020.3.5f1 (8095aa901b9b)
[Subsystems] Discovering subsystems at path /Applications/Unity/Hub/Editor/2020.3.5f1/Unity.app/Contents/Resources/UnitySubsystems
[Subsystems] Discovering subsystems at path /Users/williambertrand/repos/game_dev/ld48/Assets
GfxDevice: creating device client; threaded=0
2021-04-23 18:49:44.129 Unity[21449:1354755] Color LCD preferred device: AMD Radeon Pro 460 (high power)
2021-04-23 18:49:44.129 Unity[21449:1354755] Metal devices available: 2
2021-04-23 18:49:44.129 Unity[21449:1354755] 0: AMD Radeon Pro 460 (high power)
2021-04-23 18:49:44.129 Unity[21449:1354755] 1: Intel(R) HD Graphics 530 (low power)
2021-04-23 18:49:44.130 Unity[21449:1354755] Using device AMD Radeon Pro 460 (high power)
Initializing Metal device caps: AMD Radeon Pro 460
Initialize mono
Mono path[0] = '/Applications/Unity/Hub/Editor/2020.3.5f1/Unity.app/Contents/Managed'
Mono path[1] = '/Applications/Unity/Hub/Editor/2020.3.5f1/Unity.app/Contents/MonoBleedingEdge/lib/mono/unityjit'
Mono config path = '/Applications/Unity/Hub/Editor/2020.3.5f1/Unity.app/Contents/MonoBleedingEdge/etc'
Using monoOptions --debugger-agent=transport=dt_socket,embedding=1,server=y,suspend=n,address=127.0.0.1:56449
Begin MonoManager ReloadAssembly
Registering precompiled unity dll's ...
Register platform support module: /Applications/Unity/Hub/Editor/2020.3.5f1/PlaybackEngines/WebGLSupport/UnityEditor.WebGL.Extensions.dll
Register platform support module: /Applications/Unity/Hub/Editor/2020.3.5f1/Unity.app/Contents/PlaybackEngines/MacStandaloneSupport/UnityEditor.OSXStandalone.Extensions.dll
Registered in 0.000880 seconds.
Native extension for OSXStandalone target not found
Native extension for WebGL target not found
Refreshing native plugins compatible for Editor in 46.98 ms, found 2 plugins.
Preloading 0 native plugins for Editor in 0.00 ms.
Mono: successfully reloaded assembly
- Completed reload, in  3.113 seconds
Platform modules already initialized, skipping
Registering precompiled user dll's ...
Registered in 0.000785 seconds.
Begin MonoManager ReloadAssembly
Native extension for OSXStandalone target not found
Native extension for WebGL target not found
Refreshing native plugins compatible for Editor in 48.55 ms, found 2 plugins.
Preloading 0 native plugins for Editor in 0.00 ms.
Mono: successfully reloaded assembly
- Completed reload, in  1.452 seconds
Platform modules already initialized, skipping
========================================================================
Worker process is ready to serve import requests
Launching external process: /Applications/Unity/Hub/Editor/2020.3.5f1/Unity.app/Contents/Tools/UnityShaderCompiler
Launched and connected shader compiler UnityShaderCompiler after 0.01 seconds
Refreshing native plugins compatible for Editor in 0.41 ms, found 2 plugins.
Preloading 0 native plugins for Editor in 0.00 ms.
Unloading 1822 Unused Serialized files (Serialized files now loaded: 0)
System memory in use before: 148.3 MB.
System memory in use after: 148.4 MB.

Unloading 19 unused Assets to reduce memory usage. Loaded Objects now: 2269.
Total: 2.570696 ms (FindLiveObjects: 0.273305 ms CreateObjectMapping: 0.085441 ms MarkObjects: 2.118871 ms  DeleteObjects: 0.090617 ms)

========================================================================
Received Prepare
Refreshing native plugins compatible for Editor in 1.71 ms, found 2 plugins.
Preloading 0 native plugins for Editor in 0.00 ms.
Unloading 5 Unused Serialized files (Serialized files now loaded: 0)
System memory in use before: 110.8 MB.
System memory in use after: 110.9 MB.

Unloading 5 unused Assets to reduce memory usage. Loaded Objects now: 2269.
Total: 3.226154 ms (FindLiveObjects: 0.295065 ms CreateObjectMapping: 0.205929 ms MarkObjects: 2.704793 ms  DeleteObjects: 0.018897 ms)

========================================================================
Received Import Request.
  path: Assets/Scenes/Menu.unity
  artifactKey: Guid(adbcd3b39a114884096faefc90b1e33a) Importer(815301076,1909f56bfc062723c751e8b465ee728b)
Start importing Assets/Scenes/Menu.unity using Guid(adbcd3b39a114884096faefc90b1e33a) Importer(815301076,1909f56bfc062723c751e8b465ee728b)  -> (artifact id: 'b363ae798ac1d81778b1e58a4d5398d6') in 0.011663 seconds
  Import took 0.015363 seconds .

========================================================================
Received Import Request.
  Time since last request: 0.020904 seconds.
  path: Assets/Scenes/Menu.unity
  artifactKey: Guid(adbcd3b39a114884096faefc90b1e33a) Importer(815301076,1909f56bfc062723c751e8b465ee728b)
Start importing Assets/Scenes/Menu.unity using Guid(adbcd3b39a114884096faefc90b1e33a) Importer(815301076,1909f56bfc062723c751e8b465ee728b)  -> (artifact id: 'b363ae798ac1d81778b1e58a4d5398d6') in 0.001147 seconds
  Import took 0.004548 seconds .

========================================================================
Received Prepare
Registering precompiled user dll's ...
Registered in 0.002356 seconds.
Begin MonoManager ReloadAssembly
Native extension for OSXStandalone target not found
Native extension for WebGL target not found
Refreshing native plugins compatible for Editor in 0.46 ms, found 2 plugins.
Preloading 0 native plugins for Editor in 0.00 ms.
Mono: successfully reloaded assembly
- Completed reload, in  1.380 seconds
Platform modules already initialized, skipping
Refreshing native plugins compatible for Editor in 0.39 ms, found 2 plugins.
Preloading 0 native plugins for Editor in 0.00 ms.
Unloading 1799 Unused Serialized files (Serialized files now loaded: 0)
System memory in use before: 146.7 MB.
System memory in use after: 146.8 MB.

Unloading 7 unused Assets to reduce memory usage. Loaded Objects now: 2273.
Total: 2.474466 ms (FindLiveObjects: 0.299976 ms CreateObjectMapping: 0.131602 ms MarkObjects: 2.019503 ms  DeleteObjects: 0.022370 ms)

========================================================================
Received Import Request.
  Time since last request: 4610.690799 seconds.
  path: Assets/Scenes
  artifactKey: Guid(c70f1a4984e7590459e25dd72c890bce) Importer(815301076,1909f56bfc062723c751e8b465ee728b)
Start importing Assets/Scenes using Guid(c70f1a4984e7590459e25dd72c890bce) Importer(815301076,1909f56bfc062723c751e8b465ee728b)  -> (artifact id: '1f62f742b91880d8c7868ae904fb25fb') in 0.016448 seconds
  Import took 0.021556 seconds .

========================================================================
Received Import Request.
  Time since last request: 1.728587 seconds.
  path: Assets/Scenes/Gameplay.unity
  artifactKey: Guid(48610c55c9d558f44b2e6940764809d4) Importer(815301076,1909f56bfc062723c751e8b465ee728b)
Start importing Assets/Scenes/Gameplay.unity using Guid(48610c55c9d558f44b2e6940764809d4) Importer(815301076,1909f56bfc062723c751e8b465ee728b)  -> (artifact id: 'c4921d332ac146a9c8e2ed61428e29bd') in 0.016256 seconds
  Import took 0.019578 seconds .

========================================================================
Received Prepare
Registering precompiled user dll's ...
Registered in 0.000951 seconds.
Begin MonoManager ReloadAssembly
Native extension for OSXStandalone target not found
Native extension for WebGL target not found
Refreshing native plugins compatible for Editor in 0.40 ms, found 2 plugins.
Preloading 0 native plugins for Editor in 0.00 ms.
Mono: successfully reloaded assembly
- Completed reload, in  1.383 seconds
Platform modules already initialized, skipping
Refreshing native plugins compatible for Editor in 0.45 ms, found 2 plugins.
Preloading 0 native plugins for Editor in 0.00 ms.
Unloading 1799 Unused Serialized files (Serialized files now loaded: 0)
System memory in use before: 146.9 MB.
System memory in use after: 147.0 MB.

Unloading 7 unused Assets to reduce memory usage. Loaded Objects now: 2277.
Total: 2.740283 ms (FindLiveObjects: 0.279225 ms CreateObjectMapping: 0.115322 ms MarkObjects: 2.313936 ms  DeleteObjects: 0.030406 ms)

========================================================================
Received Import Request.
  Time since last request: 124.709113 seconds.
  path: ProjectSettings/TagManager.asset
  artifactKey: Guid(00000000000000003000000000000000) Importer(815301076,1909f56bfc062723c751e8b465ee728b)
Start importing ProjectSettings/TagManager.asset using Guid(00000000000000003000000000000000) Importer(815301076,1909f56bfc062723c751e8b465ee728b)  -> (artifact id: '0cf9088148c8a3cbd29f9a356fcbb966') in 1.621407 seconds
  Import took 1.625162 seconds .

========================================================================
Received Import Request.
  Time since last request: 19.846895 seconds.
  path: ProjectSettings/TagManager.asset
  artifactKey: Guid(00000000000000003000000000000000) Importer(815301076,1909f56bfc062723c751e8b465ee728b)
Start importing ProjectSettings/TagManager.asset using Guid(00000000000000003000000000000000) Importer(815301076,1909f56bfc062723c751e8b465ee728b)  -> (artifact id: '9596d9bb430061c513d598ed82018b3a') in 0.003832 seconds
  Import took 0.007776 seconds .

========================================================================
Received Import Request.
  Time since last request: 0.005138 seconds.
  path: ProjectSettings/TagManager.asset
  artifactKey: Guid(00000000000000003000000000000000) Importer(815301076,1909f56bfc062723c751e8b465ee728b)
Start importing ProjectSettings/TagManager.asset using Guid(00000000000000003000000000000000) Importer(815301076,1909f56bfc062723c751e8b465ee728b)  -> (artifact id: '9596d9bb430061c513d598ed82018b3a') in 0.003707 seconds
  Import took 0.008483 seconds .

========================================================================
Received Import Request.
  Time since last request: 17.545619 seconds.
  path: ProjectSettings/TagManager.asset
  artifactKey: Guid(00000000000000003000000000000000) Importer(815301076,1909f56bfc062723c751e8b465ee728b)
Start importing ProjectSettings/TagManager.asset using Guid(00000000000000003000000000000000) Importer(815301076,1909f56bfc062723c751e8b465ee728b)  -> (artifact id: '13920dd7034aae17a6e14c15d9ee9b89') in 0.004044 seconds
  Import took 0.007754 seconds .

========================================================================
Received Import Request.
  Time since last request: 330.365082 seconds.
  path: Assets/Pixel Fantasy Caves/background1.png
  artifactKey: Guid(38dfa8c3b7cb9c34e8728c80c179319a) Importer(815301076,1909f56bfc062723c751e8b465ee728b)
Start importing Assets/Pixel Fantasy Caves/background1.png using Guid(38dfa8c3b7cb9c34e8728c80c179319a) Importer(815301076,1909f56bfc062723c751e8b465ee728b)  -> (artifact id: '6d26b650de208c12b1cdd072db1a1dd3') in 1.698662 seconds
  Import took 1.702704 seconds .

========================================================================
Received Import Request.
  Time since last request: 0.000253 seconds.
  path: Assets/Pixel Fantasy Caves/background4b.png
  artifactKey: Guid(f2c63cd02a5021e4aa78859519eef703) Importer(815301076,1909f56bfc062723c751e8b465ee728b)
Start importing Assets/Pixel Fantasy Caves/background4b.png using Guid(f2c63cd02a5021e4aa78859519eef703) Importer(815301076,1909f56bfc062723c751e8b465ee728b)  -> (artifact id: '0b8bab7acaa79dd82ef2f9f433460a60') in 0.025701 seconds
  Import took 0.029165 seconds .

========================================================================
Received Import Request.
  Time since last request: 0.000237 seconds.
  path: Assets/Pixel Fantasy Caves/mainlev_build.png
  artifactKey: Guid(a2148cb95fda2a246b72a3834f9dc4a3) Importer(815301076,1909f56bfc062723c751e8b465ee728b)
Start importing Assets/Pixel Fantasy Caves/mainlev_build.png using Guid(a2148cb95fda2a246b72a3834f9dc4a3) Importer(815301076,1909f56bfc062723c751e8b465ee728b)  -> (artifact id: 'bb912f362d34bce400d8c5e4634a6fb8') in 0.028400 seconds
  Import took 0.032212 seconds .

========================================================================
Received Import Request.
  Time since last request: 0.000266 seconds.
  path: Assets/Pixel Fantasy Caves/background2.png
  artifactKey: Guid(ab399925d444e6945b12d20b9f3f62f0) Importer(815301076,1909f56bfc062723c751e8b465ee728b)
Start importing Assets/Pixel Fantasy Caves/background2.png using Guid(ab399925d444e6945b12d20b9f3f62f0) Importer(815301076,1909f56bfc062723c751e8b465ee728b)  -> (artifact id: '6d5e750c3c385293a146e73691e2f9e8') in 0.017264 seconds
  Import took 0.021750 seconds .

========================================================================
Received Import Request.
  Time since last request: 0.000330 seconds.
  path: Assets/Pixel Fantasy Caves/props2.png
  artifactKey: Guid(527d271e3ba3f9843ba89bf17ea61f2d) Importer(815301076,1909f56bfc062723c751e8b465ee728b)
Start importing Assets/Pixel Fantasy Caves/props2.png using Guid(527d271e3ba3f9843ba89bf17ea61f2d) Importer(815301076,1909f56bfc062723c751e8b465ee728b)  -> (artifact id: '3f8c22c942d1145ca1473678e434ba63') in 0.025937 seconds
  Import took 0.030448 seconds .

========================================================================
Received Import Request.
  Time since last request: 0.000334 seconds.
  path: Assets/Pixel Fantasy Caves/background3.png
  artifactKey: Guid(d9caa294ebb856845a4e0af508e49dd3) Importer(815301076,1909f56bfc062723c751e8b465ee728b)
Start importing Assets/Pixel Fantasy Caves/background3.png using Guid(d9caa294ebb856845a4e0af508e49dd3) Importer(815301076,1909f56bfc062723c751e8b465ee728b)  -> (artifact id: '4512348fc4b8356824e6469c484c842f') in 0.025348 seconds
  Import took 0.029019 seconds .

========================================================================
Received Import Request.
  Time since last request: 0.000212 seconds.
  path: Assets/Pixel Fantasy Caves/background4a.png
  artifactKey: Guid(335e30b416040a24b88a1c16eda337f7) Importer(815301076,1909f56bfc062723c751e8b465ee728b)
Start importing Assets/Pixel Fantasy Caves/background4a.png using Guid(335e30b416040a24b88a1c16eda337f7) Importer(815301076,1909f56bfc062723c751e8b465ee728b)  -> (artifact id: '639c0da9cec513b97e7c16b0fb7311cb') in 0.019477 seconds
  Import took 0.022688 seconds .

========================================================================
Received Import Request.
  Time since last request: 0.000214 seconds.
  path: Assets/Pixel Fantasy Caves/props1.png
  artifactKey: Guid(3cf71ed10f82738479ff578acaa2e9ad) Importer(815301076,1909f56bfc062723c751e8b465ee728b)
Start importing Assets/Pixel Fantasy Caves/props1.png using Guid(3cf71ed10f82738479ff578acaa2e9ad) Importer(815301076,1909f56bfc062723c751e8b465ee728b)  -> (artifact id: '9351eca4e368086538f40139a854c4d4') in 0.022971 seconds
  Import took 0.026188 seconds .

========================================================================
Received Import Request.
  Time since last request: 0.029591 seconds.
  path: Assets/Pixel Fantasy Caves/props1.png
  artifactKey: Guid(3cf71ed10f82738479ff578acaa2e9ad) Importer(815301076,1909f56bfc062723c751e8b465ee728b)
Start importing Assets/Pixel Fantasy Caves/props1.png using Guid(3cf71ed10f82738479ff578acaa2e9ad) Importer(815301076,1909f56bfc062723c751e8b465ee728b)  -> (artifact id: '9351eca4e368086538f40139a854c4d4') in 0.022204 seconds
  Import took 0.026703 seconds .

========================================================================
Received Import Request.
  Time since last request: 52.721543 seconds.
  path: Assets/TopDown 2D RPG BE3/Sprites
  artifactKey: Guid(24208ecbe2041c34db5f5403b9304207) Importer(815301076,1909f56bfc062723c751e8b465ee728b)
Start importing Assets/TopDown 2D RPG BE3/Sprites using Guid(24208ecbe2041c34db5f5403b9304207) Importer(815301076,1909f56bfc062723c751e8b465ee728b)  -> (artifact id: '3be663919f500a828dc17cecbb30b49a') in 0.001345 seconds
  Import took 0.005505 seconds .

========================================================================
Received Import Request.
  Time since last request: 0.096580 seconds.
  path: Assets/TopDown 2D RPG BE3/Sprites/Player.png
  artifactKey: Guid(23748c298f885bf4c89671f6d30f562b) Importer(815301076,1909f56bfc062723c751e8b465ee728b)
Start importing Assets/TopDown 2D RPG BE3/Sprites/Player.png using Guid(23748c298f885bf4c89671f6d30f562b) Importer(815301076,1909f56bfc062723c751e8b465ee728b)  -> (artifact id: '21940e43a15245a00e52069af1367382') in 0.080260 seconds
  Import took 0.084093 seconds .

========================================================================
Received Import Request.
  Time since last request: 66.071442 seconds.
  path: Assets/Pixel Fantasy Caves/Sliced
  artifactKey: Guid(d8adb517ca8695442b36776340a1ec8e) Importer(815301076,1909f56bfc062723c751e8b465ee728b)
Start importing Assets/Pixel Fantasy Caves/Sliced using Guid(d8adb517ca8695442b36776340a1ec8e) Importer(815301076,1909f56bfc062723c751e8b465ee728b)  -> (artifact id: '1b657777646f43d2706792c87a7946ec') in 0.001625 seconds
  Import took 0.006992 seconds .

========================================================================
Received Import Request.
  Time since last request: 0.128822 seconds.
  path: Assets/Pixel Fantasy Caves/Sliced/mainlev_build.png
  artifactKey: Guid(f3431b64a116bf248a3f497144e67b13) Importer(815301076,1909f56bfc062723c751e8b465ee728b)
Start importing Assets/Pixel Fantasy Caves/Sliced/mainlev_build.png using Guid(f3431b64a116bf248a3f497144e67b13) Importer(815301076,1909f56bfc062723c751e8b465ee728b)  -> (artifact id: 'd927f7ec0b32d49cfd34fc0ff7f93ce4') in 2.967330 seconds
  Import took 2.979068 seconds .

========================================================================
Received Import Request.
  Time since last request: 0.000352 seconds.
  path: Assets/Pixel Fantasy Caves/Sliced/props1.png
  artifactKey: Guid(c244c027ceea8f04b91dcc837253127d) Importer(815301076,1909f56bfc062723c751e8b465ee728b)
Start importing Assets/Pixel Fantasy Caves/Sliced/props1.png using Guid(c244c027ceea8f04b91dcc837253127d) Importer(815301076,1909f56bfc062723c751e8b465ee728b)  -> (artifact id: '39675896d4a4be82e13c9d743065a86e') in 7.328448 seconds
  Import took 7.345927 seconds .

========================================================================
Received Import Request.
  Time since last request: 0.000299 seconds.
  path: Assets/Pixel Fantasy Caves/Sliced/props2.png
  artifactKey: Guid(c88f92988ad2f8e46a53fc0098c7c956) Importer(815301076,1909f56bfc062723c751e8b465ee728b)
Start importing Assets/Pixel Fantasy Caves/Sliced/props2.png using Guid(c88f92988ad2f8e46a53fc0098c7c956) Importer(815301076,1909f56bfc062723c751e8b465ee728b)  -> (artifact id: '634646533637efbf6624aedc887d05ae') in 5.024658 seconds
  Import took 5.038152 seconds .

========================================================================
Received Prepare
Registering precompiled user dll's ...
Registered in 0.004964 seconds.
Begin MonoManager ReloadAssembly
Native extension for OSXStandalone target not found
Native extension for WebGL target not found
Refreshing native plugins compatible for Editor in 0.49 ms, found 2 plugins.
Preloading 0 native plugins for Editor in 0.00 ms.
Mono: successfully reloaded assembly
- Completed reload, in  1.311 seconds
Platform modules already initialized, skipping
Refreshing native plugins compatible for Editor in 0.49 ms, found 2 plugins.
Preloading 0 native plugins for Editor in 0.00 ms.
Unloading 1799 Unused Serialized files (Serialized files now loaded: 0)
System memory in use before: 185.2 MB.
System memory in use after: 185.3 MB.

Unloading 11 unused Assets to reduce memory usage. Loaded Objects now: 2292.
Total: 3.121067 ms (FindLiveObjects: 0.320850 ms CreateObjectMapping: 0.103580 ms MarkObjects: 2.653979 ms  DeleteObjects: 0.041413 ms)

========================================================================
Received Import Request.
  Time since last request: 275.310712 seconds.
  path: Assets/Tilemaps
  artifactKey: Guid(9ec5178a4f6df469eaa54281c57d3b86) Importer(815301076,1909f56bfc062723c751e8b465ee728b)
Start importing Assets/Tilemaps using Guid(9ec5178a4f6df469eaa54281c57d3b86) Importer(815301076,1909f56bfc062723c751e8b465ee728b)  -> (artifact id: 'f5eb9e761045fea687a1ca9694b7b896') in 0.006440 seconds
  Import took 0.010174 seconds .

========================================================================
Received Import Request.
  Time since last request: 9.727022 seconds.
  path: Assets/Tilemaps/Tile
  artifactKey: Guid(dc3c2b6b6862245cfb48edf60c19940c) Importer(815301076,1909f56bfc062723c751e8b465ee728b)
Start importing Assets/Tilemaps/Tile using Guid(dc3c2b6b6862245cfb48edf60c19940c) Importer(815301076,1909f56bfc062723c751e8b465ee728b)  -> (artifact id: '5fc4d71167e7fb82383804ce9ced8ec4') in 0.010241 seconds
  Import took 0.014466 seconds .

========================================================================
Received Import Request.
  Time since last request: 6.594177 seconds.
  path: Assets/Tilemaps/Tiles
  artifactKey: Guid(dc3c2b6b6862245cfb48edf60c19940c) Importer(815301076,1909f56bfc062723c751e8b465ee728b)
Start importing Assets/Tilemaps/Tiles using Guid(dc3c2b6b6862245cfb48edf60c19940c) Importer(815301076,1909f56bfc062723c751e8b465ee728b)  -> (artifact id: '972c2f1e1373ca448f875a73768d9880') in 0.002124 seconds
  Import took 0.007016 seconds .

========================================================================
Received Prepare
Registering precompiled user dll's ...
Registered in 0.001453 seconds.
Begin MonoManager ReloadAssembly
Native extension for OSXStandalone target not found
Native extension for WebGL target not found
Refreshing native plugins compatible for Editor in 0.55 ms, found 2 plugins.
Preloading 0 native plugins for Editor in 0.00 ms.
Mono: successfully reloaded assembly
- Completed reload, in  1.395 seconds
Platform modules already initialized, skipping
Refreshing native plugins compatible for Editor in 0.66 ms, found 2 plugins.
Preloading 0 native plugins for Editor in 0.00 ms.
Unloading 1799 Unused Serialized files (Serialized files now loaded: 0)
System memory in use before: 185.4 MB.
System memory in use after: 185.5 MB.

Unloading 7 unused Assets to reduce memory usage. Loaded Objects now: 2296.
Total: 3.139814 ms (FindLiveObjects: 0.431013 ms CreateObjectMapping: 0.159793 ms MarkObjects: 2.526243 ms  DeleteObjects: 0.021028 ms)

========================================================================
Received Import Request.
  Time since last request: 471.336740 seconds.
  path: Assets/Tilemaps/Background.prefab
  artifactKey: Guid(655c5158e5cfe4d2fb90298f825a59a5) Importer(815301076,1909f56bfc062723c751e8b465ee728b)
Start importing Assets/Tilemaps/Background.prefab using Guid(655c5158e5cfe4d2fb90298f825a59a5) Importer(815301076,1909f56bfc062723c751e8b465ee728b)  -> (artifact id: '3fc5db64b5c73b457bbc87b2d9870c4f') in 0.497977 seconds
  Import took 0.503496 seconds .

========================================================================
Received Import Request.
  Time since last request: 72.503193 seconds.
  path: Assets/Pixel Fantasy Caves/background3.asset
  artifactKey: Guid(d76b15a35b985425fa95169db7cd2da3) Importer(815301076,1909f56bfc062723c751e8b465ee728b)
Start importing Assets/Pixel Fantasy Caves/background3.asset using Guid(d76b15a35b985425fa95169db7cd2da3) Importer(815301076,1909f56bfc062723c751e8b465ee728b)  -> (artifact id: 'ab92112c246b99e1442d8f98d1e59703') in 0.179621 seconds
  Import took 0.183557 seconds .

========================================================================
Received Prepare
Registering precompiled user dll's ...
Registered in 0.001755 seconds.
Begin MonoManager ReloadAssembly
Native extension for OSXStandalone target not found
Native extension for WebGL target not found
Refreshing native plugins compatible for Editor in 0.49 ms, found 2 plugins.
Preloading 0 native plugins for Editor in 0.00 ms.
Mono: successfully reloaded assembly
- Completed reload, in  1.480 seconds
Platform modules already initialized, skipping
Refreshing native plugins compatible for Editor in 0.49 ms, found 2 plugins.
Preloading 0 native plugins for Editor in 0.00 ms.
Unloading 1799 Unused Serialized files (Serialized files now loaded: 0)
System memory in use before: 189.9 MB.
System memory in use after: 190.0 MB.

Unloading 7 unused Assets to reduce memory usage. Loaded Objects now: 2302.
Total: 2.206063 ms (FindLiveObjects: 0.240127 ms CreateObjectMapping: 0.065443 ms MarkObjects: 1.882529 ms  DeleteObjects: 0.016431 ms)

========================================================================
Received Import Request.
  Time since last request: 908.596894 seconds.
  path: Assets/NewBehaviourScript.cs
  artifactKey: Guid(83f0824cd1bbc4eca8e905a418717191) Importer(815301076,1909f56bfc062723c751e8b465ee728b)
Start importing Assets/NewBehaviourScript.cs using Guid(83f0824cd1bbc4eca8e905a418717191) Importer(815301076,1909f56bfc062723c751e8b465ee728b)  -> (artifact id: 'c3e4c933c97d4311b074ae27b5dab4ce') in 0.450593 seconds
  Import took 0.455126 seconds .

========================================================================
Received Prepare
Registering precompiled user dll's ...
Registered in 0.001102 seconds.
Begin MonoManager ReloadAssembly
Native extension for OSXStandalone target not found
Native extension for WebGL target not found
Refreshing native plugins compatible for Editor in 0.49 ms, found 2 plugins.
Preloading 0 native plugins for Editor in 0.00 ms.
Mono: successfully reloaded assembly
- Completed reload, in  1.154 seconds
Platform modules already initialized, skipping
Refreshing native plugins compatible for Editor in 0.59 ms, found 2 plugins.
Preloading 0 native plugins for Editor in 0.00 ms.
Unloading 1800 Unused Serialized files (Serialized files now loaded: 0)
System memory in use before: 194.4 MB.
System memory in use after: 194.5 MB.

Unloading 7 unused Assets to reduce memory usage. Loaded Objects now: 2307.
Total: 3.817026 ms (FindLiveObjects: 0.345980 ms CreateObjectMapping: 0.161294 ms MarkObjects: 3.284431 ms  DeleteObjects: 0.023133 ms)

========================================================================
Received Prepare
Registering precompiled user dll's ...
Registered in 0.001296 seconds.
Begin MonoManager ReloadAssembly
Native extension for OSXStandalone target not found
Native extension for WebGL target not found
Refreshing native plugins compatible for Editor in 0.48 ms, found 2 plugins.
Preloading 0 native plugins for Editor in 0.00 ms.
Mono: successfully reloaded assembly
- Completed reload, in  1.197 seconds
Platform modules already initialized, skipping
Refreshing native plugins compatible for Editor in 0.48 ms, found 2 plugins.
Preloading 0 native plugins for Editor in 0.00 ms.
Unloading 1799 Unused Serialized files (Serialized files now loaded: 0)
System memory in use before: 194.6 MB.
System memory in use after: 194.7 MB.

Unloading 8 unused Assets to reduce memory usage. Loaded Objects now: 2310.
Total: 2.576510 ms (FindLiveObjects: 0.312025 ms CreateObjectMapping: 0.120972 ms MarkObjects: 2.119854 ms  DeleteObjects: 0.022097 ms)

========================================================================
Received Import Request.
  Time since last request: 21.825943 seconds.
  path: Assets/Scripts
  artifactKey: Guid(e477a1160f0224527ab9732d3a099361) Importer(815301076,1909f56bfc062723c751e8b465ee728b)
Start importing Assets/Scripts using Guid(e477a1160f0224527ab9732d3a099361) Importer(815301076,1909f56bfc062723c751e8b465ee728b)  -> (artifact id: 'eab8ea50f3d2375d03177a93537ea753') in 0.005147 seconds
  Import took 0.009183 seconds .

========================================================================
Received Import Request.
  Time since last request: 0.009829 seconds.
  path: Assets/Scripts
  artifactKey: Guid(e477a1160f0224527ab9732d3a099361) Importer(815301076,1909f56bfc062723c751e8b465ee728b)
Start importing Assets/Scripts using Guid(e477a1160f0224527ab9732d3a099361) Importer(815301076,1909f56bfc062723c751e8b465ee728b)  -> (artifact id: 'eab8ea50f3d2375d03177a93537ea753') in 0.001062 seconds
  Import took 0.004867 seconds .

========================================================================
Received Import Request.
  Time since last request: 50.121875 seconds.
  path: Assets/Scripts/Pla.cs
  artifactKey: Guid(820557211b70142688ae14c5a353019d) Importer(815301076,1909f56bfc062723c751e8b465ee728b)
Start importing Assets/Scripts/Pla.cs using Guid(820557211b70142688ae14c5a353019d) Importer(815301076,1909f56bfc062723c751e8b465ee728b)  -> (artifact id: '18c2a115a6c9940d1bfe2e22334040c9') in 0.004184 seconds
  Import took 0.008858 seconds .

========================================================================
Received Prepare
Registering precompiled user dll's ...
Registered in 0.001030 seconds.
Begin MonoManager ReloadAssembly
Native extension for OSXStandalone target not found
Native extension for WebGL target not found
Refreshing native plugins compatible for Editor in 0.54 ms, found 2 plugins.
Preloading 0 native plugins for Editor in 0.00 ms.
Mono: successfully reloaded assembly
- Completed reload, in  1.397 seconds
Platform modules already initialized, skipping
Refreshing native plugins compatible for Editor in 0.63 ms, found 2 plugins.
Preloading 0 native plugins for Editor in 0.00 ms.
Unloading 1800 Unused Serialized files (Serialized files now loaded: 0)
System memory in use before: 194.8 MB.
System memory in use after: 195.0 MB.

Unloading 7 unused Assets to reduce memory usage. Loaded Objects now: 2315.
Total: 2.928435 ms (FindLiveObjects: 0.382981 ms CreateObjectMapping: 0.165974 ms MarkObjects: 2.356547 ms  DeleteObjects: 0.021359 ms)

========================================================================
Received Prepare
Registering precompiled user dll's ...
Registered in 0.001247 seconds.
Begin MonoManager ReloadAssembly
Native extension for OSXStandalone target not found
Native extension for WebGL target not found
Refreshing native plugins compatible for Editor in 0.62 ms, found 2 plugins.
Preloading 0 native plugins for Editor in 0.00 ms.
Mono: successfully reloaded assembly
- Completed reload, in  1.228 seconds
Platform modules already initialized, skipping
Refreshing native plugins compatible for Editor in 0.51 ms, found 2 plugins.
Preloading 0 native plugins for Editor in 0.00 ms.
Unloading 1800 Unused Serialized files (Serialized files now loaded: 0)
System memory in use before: 195.0 MB.
System memory in use after: 195.1 MB.

Unloading 7 unused Assets to reduce memory usage. Loaded Objects now: 2319.
Total: 2.506792 ms (FindLiveObjects: 0.349461 ms CreateObjectMapping: 0.119622 ms MarkObjects: 2.018578 ms  DeleteObjects: 0.016880 ms)

========================================================================
Received Import Request.
  Time since last request: 357.029242 seconds.
  path: Assets/Materials
  artifactKey: Guid(31f84690f750e4996bd4a430c8f2f34d) Importer(815301076,1909f56bfc062723c751e8b465ee728b)
Start importing Assets/Materials using Guid(31f84690f750e4996bd4a430c8f2f34d) Importer(815301076,1909f56bfc062723c751e8b465ee728b)  -> (artifact id: '238e944963714a5a2917998b5428d243') in 0.006677 seconds
  Import took 0.010629 seconds .

========================================================================
Received Import Request.
  Time since last request: 12.487572 seconds.
  path: Assets/Materials/NoFriction.physicMaterial
  artifactKey: Guid(cc943d607a7574e86a76233ee57adf39) Importer(815301076,1909f56bfc062723c751e8b465ee728b)
Start importing Assets/Materials/NoFriction.physicMaterial using Guid(cc943d607a7574e86a76233ee57adf39) Importer(815301076,1909f56bfc062723c751e8b465ee728b)  -> (artifact id: '835eedc3b80aacf34741bd599b06d554') in 0.249874 seconds
  Import took 0.254376 seconds .

========================================================================
Received Import Request.
  Time since last request: 7.336806 seconds.
  path: Assets/Materials/NoFriction.physicMaterial
  artifactKey: Guid(cc943d607a7574e86a76233ee57adf39) Importer(815301076,1909f56bfc062723c751e8b465ee728b)
Start importing Assets/Materials/NoFriction.physicMaterial using Guid(cc943d607a7574e86a76233ee57adf39) Importer(815301076,1909f56bfc062723c751e8b465ee728b)  -> (artifact id: '792e59d3f685df778d5fe5fc58a4d774') in 0.003175 seconds
  Import took 0.007212 seconds .

========================================================================
Received Import Request.
  Time since last request: 0.053058 seconds.
  path: Assets/Materials/NoFriction.physicMaterial
  artifactKey: Guid(cc943d607a7574e86a76233ee57adf39) Importer(815301076,1909f56bfc062723c751e8b465ee728b)
Start importing Assets/Materials/NoFriction.physicMaterial using Guid(cc943d607a7574e86a76233ee57adf39) Importer(815301076,1909f56bfc062723c751e8b465ee728b)  -> (artifact id: '792e59d3f685df778d5fe5fc58a4d774') in 0.004211 seconds
  Import took 0.008848 seconds .

========================================================================
Received Import Request.
  Time since last request: 25.726910 seconds.
  path: Assets/Materials/NoFriction2D.physicsMaterial2D
  artifactKey: Guid(04b6e5141d7364362a6c23c33c556175) Importer(815301076,1909f56bfc062723c751e8b465ee728b)
Start importing Assets/Materials/NoFriction2D.physicsMaterial2D using Guid(04b6e5141d7364362a6c23c33c556175) Importer(815301076,1909f56bfc062723c751e8b465ee728b)  -> (artifact id: 'baf5ab258ff505b4924f618d694f5d6c') in 0.194964 seconds
  Import took 0.198942 seconds .

========================================================================
Received Import Request.
  Time since last request: 10.083637 seconds.
  path: Assets/Materials/NoFriction2D.physicsMaterial2D
  artifactKey: Guid(04b6e5141d7364362a6c23c33c556175) Importer(815301076,1909f56bfc062723c751e8b465ee728b)
Start importing Assets/Materials/NoFriction2D.physicsMaterial2D using Guid(04b6e5141d7364362a6c23c33c556175) Importer(815301076,1909f56bfc062723c751e8b465ee728b)  -> (artifact id: '5f88e7e5440b9f0117f052c446e9e05e') in 0.004023 seconds
  Import took 0.008903 seconds .

========================================================================
Received Import Request.
  Time since last request: 0.010525 seconds.
  path: Assets/Materials/NoFriction2D.physicsMaterial2D
  artifactKey: Guid(04b6e5141d7364362a6c23c33c556175) Importer(815301076,1909f56bfc062723c751e8b465ee728b)
Start importing Assets/Materials/NoFriction2D.physicsMaterial2D using Guid(04b6e5141d7364362a6c23c33c556175) Importer(815301076,1909f56bfc062723c751e8b465ee728b)  -> (artifact id: '5f88e7e5440b9f0117f052c446e9e05e') in 0.002901 seconds
  Import took 0.006406 seconds .

========================================================================
Received Prepare
Registering precompiled user dll's ...
Registered in 0.001281 seconds.
Begin MonoManager ReloadAssembly
Native extension for OSXStandalone target not found
Native extension for WebGL target not found
Refreshing native plugins compatible for Editor in 0.61 ms, found 2 plugins.
Preloading 0 native plugins for Editor in 0.00 ms.
Mono: successfully reloaded assembly
- Completed reload, in  1.640 seconds
Platform modules already initialized, skipping
Refreshing native plugins compatible for Editor in 0.53 ms, found 2 plugins.
Preloading 0 native plugins for Editor in 0.00 ms.
Unloading 1800 Unused Serialized files (Serialized files now loaded: 0)
System memory in use before: 203.6 MB.
System memory in use after: 203.7 MB.

Unloading 7 unused Assets to reduce memory usage. Loaded Objects now: 2323.
Total: 3.039037 ms (FindLiveObjects: 0.290323 ms CreateObjectMapping: 0.079750 ms MarkObjects: 2.627688 ms  DeleteObjects: 0.037900 ms)

========================================================================
Received Import Request.
  Time since last request: 220.900489 seconds.
  path: Assets/Scripts/Player
  artifactKey: Guid(17b7bf00476e1468fb00a740b9f6b112) Importer(815301076,1909f56bfc062723c751e8b465ee728b)
Start importing Assets/Scripts/Player using Guid(17b7bf00476e1468fb00a740b9f6b112) Importer(815301076,1909f56bfc062723c751e8b465ee728b)  -> (artifact id: '84f3e87f1e2936db08fcbd254eca94c7') in 0.006160 seconds
  Import took 0.010483 seconds .

========================================================================
Received Import Request.
  Time since last request: 9.816487 seconds.
  path: Assets/Scripts/Player/PlayerMovement.cs
  artifactKey: Guid(63da03bbb7b8c41999e5e45cee8b1c21) Importer(815301076,1909f56bfc062723c751e8b465ee728b)
Start importing Assets/Scripts/Player/PlayerMovement.cs using Guid(63da03bbb7b8c41999e5e45cee8b1c21) Importer(815301076,1909f56bfc062723c751e8b465ee728b)  -> (artifact id: '31efde88765059e2400e0027cea73e94') in 0.009353 seconds
  Import took 0.014384 seconds .

========================================================================
Received Prepare
Registering precompiled user dll's ...
Registered in 0.003171 seconds.
Begin MonoManager ReloadAssembly
Native extension for OSXStandalone target not found
Native extension for WebGL target not found
Refreshing native plugins compatible for Editor in 0.50 ms, found 2 plugins.
Preloading 0 native plugins for Editor in 0.00 ms.
Mono: successfully reloaded assembly
- Completed reload, in  1.362 seconds
Platform modules already initialized, skipping
Refreshing native plugins compatible for Editor in 0.50 ms, found 2 plugins.
Preloading 0 native plugins for Editor in 0.00 ms.
Unloading 1801 Unused Serialized files (Serialized files now loaded: 0)
System memory in use before: 203.8 MB.
System memory in use after: 204.0 MB.

Unloading 7 unused Assets to reduce memory usage. Loaded Objects now: 2328.
Total: 2.776598 ms (FindLiveObjects: 0.405384 ms CreateObjectMapping: 0.189252 ms MarkObjects: 2.160521 ms  DeleteObjects: 0.019470 ms)

========================================================================
Received Import Request.
  Time since last request: 93.588743 seconds.
  path: Assets/Scripts/Player/PlayerMovement.cs
  artifactKey: Guid(63da03bbb7b8c41999e5e45cee8b1c21) Importer(815301076,1909f56bfc062723c751e8b465ee728b)
Start importing Assets/Scripts/Player/PlayerMovement.cs using Guid(63da03bbb7b8c41999e5e45cee8b1c21) Importer(815301076,1909f56bfc062723c751e8b465ee728b)  -> (artifact id: '1ef63c218d4521cbcb2500caca54bc7f') in 0.006016 seconds
  Import took 0.010962 seconds .

========================================================================
Received Import Request.
  Time since last request: 591.250407 seconds.
  path: Assets/Scripts/Player/PlayerInput.cs
  artifactKey: Guid(7ada53ca91898438fb8d505e781f5620) Importer(815301076,1909f56bfc062723c751e8b465ee728b)
Start importing Assets/Scripts/Player/PlayerInput.cs using Guid(7ada53ca91898438fb8d505e781f5620) Importer(815301076,1909f56bfc062723c751e8b465ee728b)  -> (artifact id: '3b162819258ea781a6fc090a619a06da') in 0.004026 seconds
  Import took 0.009015 seconds .

========================================================================
Received Prepare
Registering precompiled user dll's ...
Registered in 0.002740 seconds.
Begin MonoManager ReloadAssembly
Native extension for OSXStandalone target not found
Native extension for WebGL target not found
Refreshing native plugins compatible for Editor in 0.48 ms, found 2 plugins.
Preloading 0 native plugins for Editor in 0.00 ms.
Mono: successfully reloaded assembly
- Completed reload, in  1.206 seconds
Platform modules already initialized, skipping
Refreshing native plugins compatible for Editor in 0.49 ms, found 2 plugins.
Preloading 0 native plugins for Editor in 0.00 ms.
Unloading 1802 Unused Serialized files (Serialized files now loaded: 0)
System memory in use before: 204.1 MB.
System memory in use after: 204.2 MB.

Unloading 7 unused Assets to reduce memory usage. Loaded Objects now: 2333.
Total: 2.141079 ms (FindLiveObjects: 0.236896 ms CreateObjectMapping: 0.067393 ms MarkObjects: 1.818991 ms  DeleteObjects: 0.016764 ms)

========================================================================
Received Prepare
Registering precompiled user dll's ...
Registered in 0.003423 seconds.
Begin MonoManager ReloadAssembly
Native extension for OSXStandalone target not found
Native extension for WebGL target not found
Refreshing native plugins compatible for Editor in 0.52 ms, found 2 plugins.
Preloading 0 native plugins for Editor in 0.00 ms.
Mono: successfully reloaded assembly
- Completed reload, in  1.141 seconds
Platform modules already initialized, skipping
Refreshing native plugins compatible for Editor in 0.49 ms, found 2 plugins.
Preloading 0 native plugins for Editor in 0.00 ms.
Unloading 1802 Unused Serialized files (Serialized files now loaded: 0)
System memory in use before: 204.3 MB.
System memory in use after: 204.4 MB.

Unloading 7 unused Assets to reduce memory usage. Loaded Objects now: 2337.
Total: 2.096181 ms (FindLiveObjects: 0.235170 ms CreateObjectMapping: 0.070218 ms MarkObjects: 1.776047 ms  DeleteObjects: 0.013781 ms)

========================================================================
Received Import Request.
  Time since last request: 321.867639 seconds.
  path: Assets/Scripts/Player/PlayerInput.cs
  artifactKey: Guid(7ada53ca91898438fb8d505e781f5620) Importer(815301076,1909f56bfc062723c751e8b465ee728b)
Start importing Assets/Scripts/Player/PlayerInput.cs using Guid(7ada53ca91898438fb8d505e781f5620) Importer(815301076,1909f56bfc062723c751e8b465ee728b)  -> (artifact id: '71fff78d35ee5ed54250abbd1a73b14a') in 0.009497 seconds
  Import took 0.012870 seconds .

========================================================================
Received Import Request.
  Time since last request: 0.012258 seconds.
  path: Assets/Scripts/Player/PlayerInput.cs
  artifactKey: Guid(7ada53ca91898438fb8d505e781f5620) Importer(815301076,1909f56bfc062723c751e8b465ee728b)
Start importing Assets/Scripts/Player/PlayerInput.cs using Guid(7ada53ca91898438fb8d505e781f5620) Importer(815301076,1909f56bfc062723c751e8b465ee728b)  -> (artifact id: '71fff78d35ee5ed54250abbd1a73b14a') in 0.001839 seconds
  Import took 0.005378 seconds .

========================================================================
Received Prepare
Registering precompiled user dll's ...
Registered in 0.000804 seconds.
Begin MonoManager ReloadAssembly
Native extension for OSXStandalone target not found
Native extension for WebGL target not found
Refreshing native plugins compatible for Editor in 0.48 ms, found 2 plugins.
Preloading 0 native plugins for Editor in 0.00 ms.
Mono: successfully reloaded assembly
- Completed reload, in  1.292 seconds
Platform modules already initialized, skipping
Refreshing native plugins compatible for Editor in 0.52 ms, found 2 plugins.
Preloading 0 native plugins for Editor in 0.00 ms.
Unloading 1802 Unused Serialized files (Serialized files now loaded: 0)
System memory in use before: 204.5 MB.
System memory in use after: 204.6 MB.

Unloading 7 unused Assets to reduce memory usage. Loaded Objects now: 2341.
Total: 2.736000 ms (FindLiveObjects: 0.361410 ms CreateObjectMapping: 0.109750 ms MarkObjects: 2.244235 ms  DeleteObjects: 0.019094 ms)

========================================================================
Received Prepare
Registering precompiled user dll's ...
Registered in 0.001054 seconds.
Begin MonoManager ReloadAssembly
Native extension for OSXStandalone target not found
Native extension for WebGL target not found
Refreshing native plugins compatible for Editor in 0.49 ms, found 2 plugins.
Preloading 0 native plugins for Editor in 0.00 ms.
Mono: successfully reloaded assembly
- Completed reload, in  1.106 seconds
Platform modules already initialized, skipping
Refreshing native plugins compatible for Editor in 0.55 ms, found 2 plugins.
Preloading 0 native plugins for Editor in 0.00 ms.
Unloading 1802 Unused Serialized files (Serialized files now loaded: 0)
System memory in use before: 204.7 MB.
System memory in use after: 204.8 MB.

Unloading 7 unused Assets to reduce memory usage. Loaded Objects now: 2345.
Total: 2.257944 ms (FindLiveObjects: 0.245124 ms CreateObjectMapping: 0.077313 ms MarkObjects: 1.917679 ms  DeleteObjects: 0.016829 ms)

========================================================================
Received Prepare
Registering precompiled user dll's ...
Registered in 0.000840 seconds.
Begin MonoManager ReloadAssembly
Native extension for OSXStandalone target not found
Native extension for WebGL target not found
Refreshing native plugins compatible for Editor in 0.51 ms, found 2 plugins.
Preloading 0 native plugins for Editor in 0.00 ms.
Mono: successfully reloaded assembly
- Completed reload, in  1.156 seconds
Platform modules already initialized, skipping
Refreshing native plugins compatible for Editor in 0.48 ms, found 2 plugins.
Preloading 0 native plugins for Editor in 0.00 ms.
Unloading 1802 Unused Serialized files (Serialized files now loaded: 0)
System memory in use before: 204.9 MB.
System memory in use after: 205.0 MB.

Unloading 7 unused Assets to reduce memory usage. Loaded Objects now: 2349.
Total: 2.449323 ms (FindLiveObjects: 0.306605 ms CreateObjectMapping: 0.097189 ms MarkObjects: 2.024178 ms  DeleteObjects: 0.019669 ms)

========================================================================
Received Prepare
Registering precompiled user dll's ...
Registered in 0.002178 seconds.
Begin MonoManager ReloadAssembly
Native extension for OSXStandalone target not found
Native extension for WebGL target not found
Refreshing native plugins compatible for Editor in 0.48 ms, found 2 plugins.
Preloading 0 native plugins for Editor in 0.00 ms.
Mono: successfully reloaded assembly
- Completed reload, in  1.200 seconds
Platform modules already initialized, skipping
Refreshing native plugins compatible for Editor in 0.49 ms, found 2 plugins.
Preloading 0 native plugins for Editor in 0.00 ms.
Unloading 1802 Unused Serialized files (Serialized files now loaded: 0)
System memory in use before: 205.1 MB.
System memory in use after: 205.2 MB.

Unloading 7 unused Assets to reduce memory usage. Loaded Objects now: 2353.
Total: 2.354785 ms (FindLiveObjects: 0.262680 ms CreateObjectMapping: 0.078058 ms MarkObjects: 1.997063 ms  DeleteObjects: 0.015577 ms)

========================================================================
Received Prepare
Registering precompiled user dll's ...
Registered in 0.000844 seconds.
Begin MonoManager ReloadAssembly
Native extension for OSXStandalone target not found
Native extension for WebGL target not found
Refreshing native plugins compatible for Editor in 0.84 ms, found 2 plugins.
Preloading 0 native plugins for Editor in 0.00 ms.
Mono: successfully reloaded assembly
- Completed reload, in  1.202 seconds
Platform modules already initialized, skipping
Refreshing native plugins compatible for Editor in 0.47 ms, found 2 plugins.
Preloading 0 native plugins for Editor in 0.00 ms.
Unloading 1802 Unused Serialized files (Serialized files now loaded: 0)
System memory in use before: 205.3 MB.
System memory in use after: 205.4 MB.

Unloading 7 unused Assets to reduce memory usage. Loaded Objects now: 2357.
Total: 3.166322 ms (FindLiveObjects: 0.299122 ms CreateObjectMapping: 0.099204 ms MarkObjects: 2.709043 ms  DeleteObjects: 0.056120 ms)

========================================================================
Received Prepare
Registering precompiled user dll's ...
Registered in 0.000811 seconds.
Begin MonoManager ReloadAssembly
Native extension for OSXStandalone target not found
Native extension for WebGL target not found
Refreshing native plugins compatible for Editor in 0.48 ms, found 2 plugins.
Preloading 0 native plugins for Editor in 0.00 ms.
Mono: successfully reloaded assembly
- Completed reload, in  1.112 seconds
Platform modules already initialized, skipping
Refreshing native plugins compatible for Editor in 0.49 ms, found 2 plugins.
Preloading 0 native plugins for Editor in 0.00 ms.
Unloading 1802 Unused Serialized files (Serialized files now loaded: 0)
System memory in use before: 205.5 MB.
System memory in use after: 205.7 MB.

Unloading 7 unused Assets to reduce memory usage. Loaded Objects now: 2361.
Total: 2.226699 ms (FindLiveObjects: 0.247123 ms CreateObjectMapping: 0.068367 ms MarkObjects: 1.893533 ms  DeleteObjects: 0.016746 ms)

========================================================================
Received Prepare
Registering precompiled user dll's ...
Registered in 0.000807 seconds.
Begin MonoManager ReloadAssembly
Native extension for OSXStandalone target not found
Native extension for WebGL target not found
Refreshing native plugins compatible for Editor in 0.57 ms, found 2 plugins.
Preloading 0 native plugins for Editor in 0.00 ms.
Mono: successfully reloaded assembly
- Completed reload, in  1.421 seconds
Platform modules already initialized, skipping
Refreshing native plugins compatible for Editor in 0.54 ms, found 2 plugins.
Preloading 0 native plugins for Editor in 0.00 ms.
Unloading 1802 Unused Serialized files (Serialized files now loaded: 0)
System memory in use before: 205.7 MB.
System memory in use after: 205.8 MB.

Unloading 7 unused Assets to reduce memory usage. Loaded Objects now: 2365.
Total: 2.909652 ms (FindLiveObjects: 0.291317 ms CreateObjectMapping: 0.076260 ms MarkObjects: 2.518564 ms  DeleteObjects: 0.021580 ms)

========================================================================
Received Prepare
Registering precompiled user dll's ...
Registered in 0.000899 seconds.
Begin MonoManager ReloadAssembly
Native extension for OSXStandalone target not found
Native extension for WebGL target not found
Refreshing native plugins compatible for Editor in 0.77 ms, found 2 plugins.
Preloading 0 native plugins for Editor in 0.00 ms.
Mono: successfully reloaded assembly
- Completed reload, in  1.243 seconds
Platform modules already initialized, skipping
Refreshing native plugins compatible for Editor in 0.48 ms, found 2 plugins.
Preloading 0 native plugins for Editor in 0.00 ms.
Unloading 1802 Unused Serialized files (Serialized files now loaded: 0)
System memory in use before: 206.0 MB.
System memory in use after: 206.1 MB.

Unloading 7 unused Assets to reduce memory usage. Loaded Objects now: 2369.
Total: 3.151117 ms (FindLiveObjects: 0.398154 ms CreateObjectMapping: 0.149476 ms MarkObjects: 2.580381 ms  DeleteObjects: 0.018427 ms)

========================================================================
Received Prepare
Registering precompiled user dll's ...
Registered in 0.000864 seconds.
Begin MonoManager ReloadAssembly
Native extension for OSXStandalone target not found
Native extension for WebGL target not found
Refreshing native plugins compatible for Editor in 0.62 ms, found 2 plugins.
Preloading 0 native plugins for Editor in 0.00 ms.
Mono: successfully reloaded assembly
- Completed reload, in  1.296 seconds
Platform modules already initialized, skipping
Refreshing native plugins compatible for Editor in 0.49 ms, found 2 plugins.
Preloading 0 native plugins for Editor in 0.00 ms.
Unloading 1802 Unused Serialized files (Serialized files now loaded: 0)
System memory in use before: 206.1 MB.
System memory in use after: 206.3 MB.

Unloading 7 unused Assets to reduce memory usage. Loaded Objects now: 2373.
Total: 2.805263 ms (FindLiveObjects: 0.382925 ms CreateObjectMapping: 0.142941 ms MarkObjects: 2.256942 ms  DeleteObjects: 0.020288 ms)

========================================================================
Received Prepare
Registering precompiled user dll's ...
Registered in 0.003275 seconds.
Begin MonoManager ReloadAssembly
Native extension for OSXStandalone target not found
Native extension for WebGL target not found
Refreshing native plugins compatible for Editor in 0.50 ms, found 2 plugins.
Preloading 0 native plugins for Editor in 0.00 ms.
Mono: successfully reloaded assembly
- Completed reload, in  1.299 seconds
Platform modules already initialized, skipping
Refreshing native plugins compatible for Editor in 0.61 ms, found 2 plugins.
Preloading 0 native plugins for Editor in 0.00 ms.
Unloading 1802 Unused Serialized files (Serialized files now loaded: 0)
System memory in use before: 206.4 MB.
System memory in use after: 206.5 MB.

Unloading 7 unused Assets to reduce memory usage. Loaded Objects now: 2377.
Total: 3.159672 ms (FindLiveObjects: 0.440115 ms CreateObjectMapping: 0.133610 ms MarkObjects: 2.560595 ms  DeleteObjects: 0.020756 ms)

========================================================================
Received Prepare
Registering precompiled user dll's ...
Registered in 0.001336 seconds.
Begin MonoManager ReloadAssembly
Native extension for OSXStandalone target not found
Native extension for WebGL target not found
Refreshing native plugins compatible for Editor in 0.53 ms, found 2 plugins.
Preloading 0 native plugins for Editor in 0.00 ms.
Mono: successfully reloaded assembly
- Completed reload, in  1.345 seconds
Platform modules already initialized, skipping
Refreshing native plugins compatible for Editor in 0.78 ms, found 2 plugins.
Preloading 0 native plugins for Editor in 0.00 ms.
Unloading 1802 Unused Serialized files (Serialized files now loaded: 0)
System memory in use before: 206.6 MB.
System memory in use after: 206.7 MB.

Unloading 7 unused Assets to reduce memory usage. Loaded Objects now: 2381.
Total: 2.883443 ms (FindLiveObjects: 0.502345 ms CreateObjectMapping: 0.136214 ms MarkObjects: 2.224257 ms  DeleteObjects: 0.018987 ms)

========================================================================
Received Prepare
Registering precompiled user dll's ...
Registered in 0.002619 seconds.
Begin MonoManager ReloadAssembly
Native extension for OSXStandalone target not found
Native extension for WebGL target not found
Refreshing native plugins compatible for Editor in 0.54 ms, found 2 plugins.
Preloading 0 native plugins for Editor in 0.00 ms.
Mono: successfully reloaded assembly
- Completed reload, in  1.491 seconds
Platform modules already initialized, skipping
Refreshing native plugins compatible for Editor in 0.51 ms, found 2 plugins.
Preloading 0 native plugins for Editor in 0.00 ms.
Unloading 1802 Unused Serialized files (Serialized files now loaded: 0)
System memory in use before: 206.8 MB.
System memory in use after: 206.9 MB.

Unloading 7 unused Assets to reduce memory usage. Loaded Objects now: 2385.
Total: 2.475142 ms (FindLiveObjects: 0.252458 ms CreateObjectMapping: 0.162120 ms MarkObjects: 2.036708 ms  DeleteObjects: 0.022273 ms)

========================================================================
Received Prepare
Registering precompiled user dll's ...
Registered in 0.000936 seconds.
Begin MonoManager ReloadAssembly
Native extension for OSXStandalone target not found
Native extension for WebGL target not found
Refreshing native plugins compatible for Editor in 1.37 ms, found 2 plugins.
Preloading 0 native plugins for Editor in 0.00 ms.
Mono: successfully reloaded assembly
- Completed reload, in  1.846 seconds
Platform modules already initialized, skipping
Refreshing native plugins compatible for Editor in 0.67 ms, found 2 plugins.
Preloading 0 native plugins for Editor in 0.00 ms.
Unloading 1802 Unused Serialized files (Serialized files now loaded: 0)
System memory in use before: 207.0 MB.
System memory in use after: 207.1 MB.

Unloading 7 unused Assets to reduce memory usage. Loaded Objects now: 2389.
Total: 4.160081 ms (FindLiveObjects: 0.496340 ms CreateObjectMapping: 0.195484 ms MarkObjects: 3.430043 ms  DeleteObjects: 0.024903 ms)

========================================================================
Received Import Request.
  Time since last request: 791.509683 seconds.
  path: Assets/Scripts/GameManager.cs
  artifactKey: Guid(c8d23ded408cb49d5af90ac66f2a47d1) Importer(815301076,1909f56bfc062723c751e8b465ee728b)
Start importing Assets/Scripts/GameManager.cs using Guid(c8d23ded408cb49d5af90ac66f2a47d1) Importer(815301076,1909f56bfc062723c751e8b465ee728b)  -> (artifact id: '8e1cb28c51baa7c87ea3cab3d9496747') in 0.008200 seconds
  Import took 0.013444 seconds .

========================================================================
Received Prepare
Registering precompiled user dll's ...
Registered in 0.000726 seconds.
Begin MonoManager ReloadAssembly
Native extension for OSXStandalone target not found
Native extension for WebGL target not found
Refreshing native plugins compatible for Editor in 0.48 ms, found 2 plugins.
Preloading 0 native plugins for Editor in 0.00 ms.
Mono: successfully reloaded assembly
- Completed reload, in  1.295 seconds
Platform modules already initialized, skipping
Refreshing native plugins compatible for Editor in 0.55 ms, found 2 plugins.
Preloading 0 native plugins for Editor in 0.00 ms.
Unloading 1803 Unused Serialized files (Serialized files now loaded: 0)
System memory in use before: 207.2 MB.
System memory in use after: 207.4 MB.

Unloading 7 unused Assets to reduce memory usage. Loaded Objects now: 2394.
Total: 2.747552 ms (FindLiveObjects: 0.331632 ms CreateObjectMapping: 0.147501 ms MarkObjects: 2.243712 ms  DeleteObjects: 0.023257 ms)

========================================================================
Received Prepare
Registering precompiled user dll's ...
Registered in 0.002833 seconds.
Begin MonoManager ReloadAssembly
Native extension for OSXStandalone target not found
Native extension for WebGL target not found
Refreshing native plugins compatible for Editor in 0.80 ms, found 2 plugins.
Preloading 0 native plugins for Editor in 0.00 ms.
Mono: successfully reloaded assembly
- Completed reload, in  1.515 seconds
Platform modules already initialized, skipping
Refreshing native plugins compatible for Editor in 0.54 ms, found 2 plugins.
Preloading 0 native plugins for Editor in 0.00 ms.
Unloading 1803 Unused Serialized files (Serialized files now loaded: 0)
System memory in use before: 207.4 MB.
System memory in use after: 207.5 MB.

Unloading 7 unused Assets to reduce memory usage. Loaded Objects now: 2398.
Total: 2.446638 ms (FindLiveObjects: 0.244805 ms CreateObjectMapping: 0.082245 ms MarkObjects: 2.100599 ms  DeleteObjects: 0.017616 ms)

========================================================================
Received Import Request.
  Time since last request: 518.757225 seconds.
  path: Assets/Scripts/GameManager.cs
  artifactKey: Guid(c8d23ded408cb49d5af90ac66f2a47d1) Importer(815301076,1909f56bfc062723c751e8b465ee728b)
Start importing Assets/Scripts/GameManager.cs using Guid(c8d23ded408cb49d5af90ac66f2a47d1) Importer(815301076,1909f56bfc062723c751e8b465ee728b)  -> (artifact id: 'b528ba8a41ea865086dbbd220f04e28e') in 0.004873 seconds
  Import took 0.009162 seconds .

========================================================================
Received Prepare
Registering precompiled user dll's ...
Registered in 0.000851 seconds.
Begin MonoManager ReloadAssembly
Native extension for OSXStandalone target not found
Native extension for WebGL target not found
Refreshing native plugins compatible for Editor in 0.54 ms, found 2 plugins.
Preloading 0 native plugins for Editor in 0.00 ms.
Mono: successfully reloaded assembly
- Completed reload, in  1.571 seconds
Platform modules already initialized, skipping
Refreshing native plugins compatible for Editor in 0.56 ms, found 2 plugins.
Preloading 0 native plugins for Editor in 0.00 ms.
Unloading 1803 Unused Serialized files (Serialized files now loaded: 0)
System memory in use before: 207.7 MB.
System memory in use after: 207.8 MB.

Unloading 7 unused Assets to reduce memory usage. Loaded Objects now: 2402.
Total: 2.897587 ms (FindLiveObjects: 0.396478 ms CreateObjectMapping: 0.112348 ms MarkObjects: 2.369038 ms  DeleteObjects: 0.018151 ms)

========================================================================
Received Import Request.
  Time since last request: 70.718076 seconds.
  path: Assets/Scripts/GameManager.cs
  artifactKey: Guid(c8d23ded408cb49d5af90ac66f2a47d1) Importer(815301076,1909f56bfc062723c751e8b465ee728b)
Start importing Assets/Scripts/GameManager.cs using Guid(c8d23ded408cb49d5af90ac66f2a47d1) Importer(815301076,1909f56bfc062723c751e8b465ee728b)  -> (artifact id: '34b9eb109236ba6237d53dc32e6d2881') in 0.006771 seconds
  Import took 0.011401 seconds .

========================================================================
Received Prepare
Registering precompiled user dll's ...
Registered in 0.001393 seconds.
Begin MonoManager ReloadAssembly
Native extension for OSXStandalone target not found
Native extension for WebGL target not found
Refreshing native plugins compatible for Editor in 0.85 ms, found 2 plugins.
Preloading 0 native plugins for Editor in 0.00 ms.
Mono: successfully reloaded assembly
- Completed reload, in  1.719 seconds
Platform modules already initialized, skipping
Refreshing native plugins compatible for Editor in 0.68 ms, found 2 plugins.
Preloading 0 native plugins for Editor in 0.00 ms.
Unloading 1803 Unused Serialized files (Serialized files now loaded: 0)
System memory in use before: 207.8 MB.
System memory in use after: 208.0 MB.

Unloading 7 unused Assets to reduce memory usage. Loaded Objects now: 2406.
Total: 2.693011 ms (FindLiveObjects: 0.247835 ms CreateObjectMapping: 0.069740 ms MarkObjects: 2.352276 ms  DeleteObjects: 0.019454 ms)

========================================================================
Received Import Request.
  Time since last request: 60.347311 seconds.
  path: Assets/Scripts/GameManager.cs
  artifactKey: Guid(c8d23ded408cb49d5af90ac66f2a47d1) Importer(815301076,1909f56bfc062723c751e8b465ee728b)
Start importing Assets/Scripts/GameManager.cs using Guid(c8d23ded408cb49d5af90ac66f2a47d1) Importer(815301076,1909f56bfc062723c751e8b465ee728b)  -> (artifact id: 'f81ce44c5a8f62f35849141335fee612') in 0.004566 seconds
  Import took 0.008116 seconds .

========================================================================
Received Prepare
Registering precompiled user dll's ...
Registered in 0.002981 seconds.
Begin MonoManager ReloadAssembly
Native extension for OSXStandalone target not found
Native extension for WebGL target not found
Refreshing native plugins compatible for Editor in 0.60 ms, found 2 plugins.
Preloading 0 native plugins for Editor in 0.00 ms.
Mono: successfully reloaded assembly
- Completed reload, in  1.584 seconds
Platform modules already initialized, skipping
Refreshing native plugins compatible for Editor in 0.53 ms, found 2 plugins.
Preloading 0 native plugins for Editor in 0.00 ms.
Unloading 1803 Unused Serialized files (Serialized files now loaded: 0)
System memory in use before: 208.1 MB.
System memory in use after: 208.2 MB.

Unloading 7 unused Assets to reduce memory usage. Loaded Objects now: 2410.
Total: 3.596939 ms (FindLiveObjects: 0.346337 ms CreateObjectMapping: 0.102948 ms MarkObjects: 3.124897 ms  DeleteObjects: 0.019811 ms)

========================================================================
Received Import Request.
  Time since last request: 93.629826 seconds.
  path: Assets/Scripts/GameManager.cs
  artifactKey: Guid(c8d23ded408cb49d5af90ac66f2a47d1) Importer(815301076,1909f56bfc062723c751e8b465ee728b)
Start importing Assets/Scripts/GameManager.cs using Guid(c8d23ded408cb49d5af90ac66f2a47d1) Importer(815301076,1909f56bfc062723c751e8b465ee728b)  -> (artifact id: 'ff3adf00173569b09e0492d19287e9e2') in 0.005640 seconds
  Import took 0.010608 seconds .

========================================================================
Received Prepare
Registering precompiled user dll's ...
Registered in 0.002042 seconds.
Begin MonoManager ReloadAssembly
Native extension for OSXStandalone target not found
Native extension for WebGL target not found
Refreshing native plugins compatible for Editor in 0.61 ms, found 2 plugins.
Preloading 0 native plugins for Editor in 0.00 ms.
Mono: successfully reloaded assembly
- Completed reload, in  1.424 seconds
Platform modules already initialized, skipping
Refreshing native plugins compatible for Editor in 0.58 ms, found 2 plugins.
Preloading 0 native plugins for Editor in 0.00 ms.
Unloading 1803 Unused Serialized files (Serialized files now loaded: 0)
System memory in use before: 208.3 MB.
System memory in use after: 208.4 MB.

Unloading 7 unused Assets to reduce memory usage. Loaded Objects now: 2414.
Total: 2.384894 ms (FindLiveObjects: 0.321943 ms CreateObjectMapping: 0.069384 ms MarkObjects: 1.974404 ms  DeleteObjects: 0.017018 ms)

========================================================================
Received Prepare
Registering precompiled user dll's ...
Registered in 0.001260 seconds.
Begin MonoManager ReloadAssembly
Native extension for OSXStandalone target not found
Native extension for WebGL target not found
Refreshing native plugins compatible for Editor in 0.56 ms, found 2 plugins.
Preloading 0 native plugins for Editor in 0.00 ms.
Mono: successfully reloaded assembly
- Completed reload, in  1.477 seconds
Platform modules already initialized, skipping
Refreshing native plugins compatible for Editor in 0.51 ms, found 2 plugins.
Preloading 0 native plugins for Editor in 0.00 ms.
Unloading 1803 Unused Serialized files (Serialized files now loaded: 0)
System memory in use before: 208.5 MB.
System memory in use after: 208.6 MB.

Unloading 7 unused Assets to reduce memory usage. Loaded Objects now: 2418.
Total: 3.229960 ms (FindLiveObjects: 0.457778 ms CreateObjectMapping: 0.178823 ms MarkObjects: 2.566837 ms  DeleteObjects: 0.024665 ms)

========================================================================
Received Prepare
Registering precompiled user dll's ...
Registered in 0.001120 seconds.
Begin MonoManager ReloadAssembly
Native extension for OSXStandalone target not found
Native extension for WebGL target not found
Refreshing native plugins compatible for Editor in 0.61 ms, found 2 plugins.
Preloading 0 native plugins for Editor in 0.00 ms.
Mono: successfully reloaded assembly
- Completed reload, in  1.570 seconds
Platform modules already initialized, skipping
Refreshing native plugins compatible for Editor in 0.57 ms, found 2 plugins.
Preloading 0 native plugins for Editor in 0.00 ms.
Unloading 1803 Unused Serialized files (Serialized files now loaded: 0)
System memory in use before: 208.7 MB.
System memory in use after: 208.8 MB.

Unloading 7 unused Assets to reduce memory usage. Loaded Objects now: 2422.
Total: 2.659873 ms (FindLiveObjects: 0.300825 ms CreateObjectMapping: 0.100533 ms MarkObjects: 2.239676 ms  DeleteObjects: 0.017626 ms)

